<?xml version="1.0" encoding="UTF-8"?>
<!-- Generated by org.testng.reporters.JUnitReportReporter -->
<testsuite skipped="0" hostname="KarthikV-PC" name="javapackage.NewTest" tests="2" failures="0" timestamp="2019-11-03T14:20:17 IST" time="0.003" errors="0">
  <testcase name="f" time="0.001" classname="javapackage.NewTest"/>
  <testcase name="f" time="0.002" classname="javapackage.NewTest"/>
</testsuite> <!-- javapackage.NewTest -->
