<?xml version="1.0" encoding="UTF-8"?>
<!-- Generated by org.testng.reporters.JUnitReportReporter -->
<testsuite skipped="0" hostname="KarthikV-PC" name="javapackage.Radio" tests="2" failures="0" timestamp="2019-11-03T14:20:17 IST" time="18.091" errors="0">
  <testcase name="Login" time="17.939" classname="javapackage.Radio"/>
  <testcase name="Radiobutton" time="0.152" classname="javapackage.Radio"/>
</testsuite> <!-- javapackage.Radio -->
